<?xml version="1.0" encoding="UTF-8"?>
<!-- Generated by org.testng.reporters.JUnitReportReporter -->
<testsuite hostname="DESKTOP-QOIOGTC" failures="0" tests="2" name="com.abc.tests.Ebay_Advance_Page_Search" time="22.363" errors="0" timestamp="2024-01-02T17:18:46 EST" skipped="0">
  <testcase classname="com.abc.tests.Ebay_Advance_Page_Search" name="ebay_logo_link_navigates_home_page_test" time="13.417"/>
  <system-out/>
  <testcase classname="com.abc.tests.Ebay_Advance_Page_Search" name="ebay_advance_search_keyword_test" time="8.946"/>
  <system-out/>
</testsuite> <!-- com.abc.tests.Ebay_Advance_Page_Search -->
