<?xml version="1.0" encoding="UTF-8"?>
<!-- Generated by org.testng.reporters.JUnitReportReporter -->
<testsuite hostname="DESKTOP-QOIOGTC" failures="0" tests="1" name="com.abc.tests.Ebay_Home_Page" time="10.208" errors="0" timestamp="2024-01-02T17:18:46 EST" skipped="0">
  <testcase classname="com.abc.tests.Ebay_Home_Page" name="empty_URL_Check" time="10.208"/>
  <system-out/>
</testsuite> <!-- com.abc.tests.Ebay_Home_Page -->
